<?xml version="1.0" encoding="UTF-8"?>
<!-- Generated by org.testng.reporters.JUnitReportReporter -->
<testsuite hostname="CGGDESKFF05" name="SeleniumGridPractice.SeleniumGridPractice.seleniumgridPhysicalMachines" tests="1" failures="0" timestamp="20 Feb 2019 09:37:59 GMT" time="4.230" errors="0">
  <testcase name="simpleTest" time="4.230" classname="SeleniumGridPractice.SeleniumGridPractice.seleniumgridPhysicalMachines"/>
</testsuite> <!-- SeleniumGridPractice.SeleniumGridPractice.seleniumgridPhysicalMachines -->
