<?xml version="1.0" encoding="UTF-8"?>
<!-- Generated by org.testng.reporters.JUnitReportReporter -->
<testsuite hostname="CGGDESKFF05" name="SeleniumGridPractice.SeleniumGridPractice.SampleCodeForMaven" tests="1" failures="0" timestamp="22 Feb 2019 05:49:10 GMT" time="19.187" errors="0">
  <testcase name="testMethod" time="19.187" classname="SeleniumGridPractice.SeleniumGridPractice.SampleCodeForMaven"/>
</testsuite> <!-- SeleniumGridPractice.SeleniumGridPractice.SampleCodeForMaven -->
